2025-04-11 13:41:50,582 - sra_metagenome_submission.main - INFO - Logging to sra_submission_20250411_134150.log
2025-04-11 13:41:50,583 - sra_metagenome_submission.sra_validate - INFO - Loaded configuration from dbh_config.json
2025-04-11 13:41:50,583 - sra_metagenome_submission.sra_validate - INFO - No output location specified, using default: validated_metadata
2025-04-11 13:41:50,586 - sra_metagenome_submission.sra_validate - INFO - Loaded sample metadata from metadata_files/hellman-sample-metadata1.txt
2025-04-11 13:41:50,670 - sra_metagenome_submission.sra_validate - WARNING - Column 'assembly' is missing data for 149 sample rows.
2025-04-11 13:41:50,670 - sra_metagenome_submission.sra_validate - WARNING - Column 'filename3' is missing data for 149 sample rows.
2025-04-11 13:41:50,670 - sra_metagenome_submission.sra_validate - WARNING - Column 'filename4' is missing data for 149 sample rows.
2025-04-11 13:41:50,670 - sra_metagenome_submission.sra_validate - WARNING - Column 'filename5' is missing data for 149 sample rows.
2025-04-11 13:41:50,670 - sra_metagenome_submission.sra_validate - WARNING - Column 'filename6' is missing data for 149 sample rows.
2025-04-11 13:41:50,670 - sra_metagenome_submission.sra_validate - WARNING - Column 'filename7' is missing data for 149 sample rows.
2025-04-11 13:41:50,670 - sra_metagenome_submission.sra_validate - WARNING - Column 'filename8' is missing data for 149 sample rows.
2025-04-11 13:41:50,681 - sra_metagenome_submission.sra_validate - INFO - Validated sample metadata
2025-04-11 13:41:50,683 - sra_metagenome_submission.sra_validate - INFO - Saved validated metadata to validated_metadata/validated-hellman-sample-metadata1.txt
2025-04-11 13:41:50,683 - sra_metagenome_submission.sra_validate - INFO - Saved validated sample metadata to validated_metadata/validated-hellman-sample-metadata1.txt
2025-04-11 13:41:50,685 - sra_metagenome_submission.sra_validate - INFO - Loaded bioproject metadata from metadata_files/hellman-bioproject-metadata1.txt
2025-04-11 13:41:50,741 - sra_metagenome_submission.sra_validate - WARNING - Column 'sample_title' is missing data for 149 sample rows.
2025-04-11 13:41:50,741 - sra_metagenome_submission.sra_validate - WARNING - Column 'bioproject_accession' is missing data for 149 sample rows.
2025-04-11 13:41:50,741 - sra_metagenome_submission.sra_validate - WARNING - Column 'ref_biomaterial' is missing data for 149 sample rows.
2025-04-11 13:41:50,741 - sra_metagenome_submission.sra_validate - WARNING - Column 'rel_to_oxygen' is missing data for 149 sample rows.
2025-04-11 13:41:50,741 - sra_metagenome_submission.sra_validate - WARNING - Column 'samp_collect_device' is missing data for 149 sample rows.
2025-04-11 13:41:50,741 - sra_metagenome_submission.sra_validate - WARNING - Column 'samp_mat_process' is missing data for 149 sample rows.
2025-04-11 13:41:50,741 - sra_metagenome_submission.sra_validate - WARNING - Column 'samp_size' is missing data for 149 sample rows.
2025-04-11 13:41:50,741 - sra_metagenome_submission.sra_validate - WARNING - Column 'source_material_id' is missing data for 149 sample rows.
2025-04-11 13:41:50,741 - sra_metagenome_submission.sra_validate - WARNING - Column 'description' is missing data for 149 sample rows.
2025-04-11 13:41:50,744 - sra_metagenome_submission.sra_validate - ERROR - Error validating bioproject metadata: 'collection_date'
