2025-04-11 14:38:14,053 - sra_metagenome_submission.main - INFO - Logging to sra_submission_20250411_143814.log
2025-04-11 14:38:14,054 - sra_metagenome_submission.sra_validate - INFO - Loaded configuration from dbh_config.json
2025-04-11 14:38:14,054 - sra_metagenome_submission.sra_validate - INFO - No output location specified, using default: validated_metadata
2025-04-11 14:38:14,057 - sra_metagenome_submission.sra_validate - INFO - Loaded sample metadata from metadata_files/hellman-sample-metadata2.txt
2025-04-11 14:38:14,128 - sra_metagenome_submission.sra_validate - WARNING - Column 'assembly' is missing data for 141 sample rows.
2025-04-11 14:38:14,128 - sra_metagenome_submission.sra_validate - WARNING - Column 'filename3' is missing data for 141 sample rows.
2025-04-11 14:38:14,128 - sra_metagenome_submission.sra_validate - WARNING - Column 'filename4' is missing data for 141 sample rows.
2025-04-11 14:38:14,128 - sra_metagenome_submission.sra_validate - WARNING - Column 'filename5' is missing data for 141 sample rows.
2025-04-11 14:38:14,128 - sra_metagenome_submission.sra_validate - WARNING - Column 'filename6' is missing data for 141 sample rows.
2025-04-11 14:38:14,128 - sra_metagenome_submission.sra_validate - WARNING - Column 'filename7' is missing data for 141 sample rows.
2025-04-11 14:38:14,128 - sra_metagenome_submission.sra_validate - WARNING - Column 'filename8' is missing data for 141 sample rows.
2025-04-11 14:38:14,138 - sra_metagenome_submission.sra_validate - INFO - Validated sample metadata
2025-04-11 14:38:14,140 - sra_metagenome_submission.sra_validate - INFO - Saved validated metadata to validated_metadata/validated-hellman-sample-metadata2.txt
2025-04-11 14:38:14,140 - sra_metagenome_submission.sra_validate - INFO - Saved validated sample metadata to validated_metadata/validated-hellman-sample-metadata2.txt
2025-04-11 14:38:14,141 - sra_metagenome_submission.sra_validate - INFO - Loaded bioproject metadata from metadata_files/hellman-bioproject-metadata2.txt
2025-04-11 14:38:14,201 - sra_metagenome_submission.sra_validate - WARNING - Column 'collection_date' has data beyond the last valid sample_name at rows: [141, 142]
2025-04-11 14:38:14,201 - sra_metagenome_submission.sra_validate - WARNING - Column 'sample_title' is missing data for 141 sample rows.
2025-04-11 14:38:14,201 - sra_metagenome_submission.sra_validate - WARNING - Column 'bioproject_accession' is missing data for 141 sample rows.
2025-04-11 14:38:14,201 - sra_metagenome_submission.sra_validate - WARNING - Column 'ref_biomaterial' is missing data for 141 sample rows.
2025-04-11 14:38:14,201 - sra_metagenome_submission.sra_validate - WARNING - Column 'rel_to_oxygen' is missing data for 141 sample rows.
2025-04-11 14:38:14,201 - sra_metagenome_submission.sra_validate - WARNING - Column 'samp_collect_device' is missing data for 141 sample rows.
2025-04-11 14:38:14,201 - sra_metagenome_submission.sra_validate - WARNING - Column 'samp_mat_process' is missing data for 141 sample rows.
2025-04-11 14:38:14,201 - sra_metagenome_submission.sra_validate - WARNING - Column 'samp_size' is missing data for 141 sample rows.
2025-04-11 14:38:14,201 - sra_metagenome_submission.sra_validate - WARNING - Column 'source_material_id' is missing data for 141 sample rows.
2025-04-11 14:38:14,201 - sra_metagenome_submission.sra_validate - WARNING - Column 'description' is missing data for 141 sample rows.
2025-04-11 14:38:14,215 - sra_metagenome_submission.sra_validate - INFO - Trimmed dataframe to include only rows with valid sample names (1 to 141)
2025-04-11 14:38:14,215 - sra_metagenome_submission.sra_validate - INFO - Validated bioproject metadata
2025-04-11 14:38:14,217 - sra_metagenome_submission.sra_validate - INFO - Saved validated metadata to validated_metadata/validated-hellman-bioproject-metadata2.txt
2025-04-11 14:38:14,217 - sra_metagenome_submission.sra_validate - INFO - Saved validated bioproject metadata to validated_metadata/validated-hellman-bioproject-metadata2.txt
