2025-04-05 15:21:52,605 - __main__ - INFO - Starting Hellman dataset SRA submission preparation
2025-04-05 15:21:52,636 - __main__ - INFO - SRA metadata file created: hellman_sra_submission/sra_metadata.csv
2025-04-05 15:21:52,796 - __main__ - ERROR - Missing 8 sequence files:
2025-04-05 15:21:52,796 - __main__ - ERROR -   - /media/david/BackupNAS/Data/MSSData/Human/RawHumanSequenceFiles/C2Jenny02_R1.fastq.gz
2025-04-05 15:21:52,796 - __main__ - ERROR -   - /media/david/BackupNAS/Data/MSSData/Human/RawHumanSequenceFiles/C2Jenny02_R2.fastq.gz
2025-04-05 15:21:52,797 - __main__ - ERROR -   - /media/david/BackupNAS/Data/MSSData/Human/RawHumanSequenceFiles/F12Jenny1_R1.fastq.gz
2025-04-05 15:21:52,797 - __main__ - ERROR -   - /media/david/BackupNAS/Data/MSSData/Human/RawHumanSequenceFiles/F12Jenny1_R2.fastq.gz
2025-04-05 15:21:52,797 - __main__ - ERROR -   - /media/david/BackupNAS/Data/MSSData/Human/RawHumanSequenceFiles/IBD_525_A.N_R1.fastq.gz
2025-04-05 15:21:52,797 - __main__ - ERROR -   - /media/david/BackupNAS/Data/MSSData/Human/RawHumanSequenceFiles/IBD_525_A.N_R2.fastq.gz
2025-04-05 15:21:52,797 - __main__ - ERROR -   - /media/david/BackupNAS/Data/MSSData/Human/RawHumanSequenceFiles/IBD_533_R1.fastq.gz
2025-04-05 15:21:52,797 - __main__ - ERROR -   - /media/david/BackupNAS/Data/MSSData/Human/RawHumanSequenceFiles/IBD_533_R2.fastq.gz
2025-04-05 15:21:52,797 - __main__ - ERROR - Some sequence files are missing. Please check the paths.
2025-04-05 15:21:59,024 - sra_submission - INFO - Loaded configuration from dbh_config.json
2025-04-05 16:15:29,579 - sra_metagenome_submission.main - INFO - Loaded configuration from dbh_config.json
2025-04-05 16:15:29,592 - sra_metagenome_submission.main - INFO - Loaded metadata from hellman_metadata2.csv
2025-04-05 16:15:29,592 - sra_metagenome_submission.main - ERROR - Missing required metadata fields: project_title
2025-04-05 16:17:53,464 - sra_metagenome_submission.main - INFO - Loaded configuration from dbh_config.json
2025-04-05 16:17:53,471 - sra_metagenome_submission.main - INFO - Loaded metadata from hellman_metadata2.csv
2025-04-05 16:17:53,471 - sra_metagenome_submission.main - ERROR - Missing required metadata fields: project_title
2025-04-05 16:19:20,544 - sra_metagenome_submission.main - INFO - Loaded configuration from dbh_config.json
2025-04-05 16:19:20,551 - sra_metagenome_submission.main - INFO - Loaded metadata from hellman_metadata2.csv
2025-04-05 16:19:20,551 - sra_metagenome_submission.main - ERROR - Missing required metadata fields: project_title
2025-04-05 16:20:56,908 - sra_metagenome_submission.main - ERROR - Failed to load configuration: Extra data: line 17 column 1 (char 447)
2025-04-05 16:22:51,589 - sra_metagenome_submission.main - INFO - Loaded configuration from dbh_config.json
2025-04-05 16:22:51,596 - sra_metagenome_submission.main - INFO - Loaded metadata from hellman_metadata2.csv
2025-04-05 16:22:51,596 - sra_metagenome_submission.main - ERROR - Missing required metadata fields: project_title
2025-04-05 16:28:16,321 - sra_metagenome_submission.main - INFO - Loaded configuration from dbh_config.json
2025-04-05 16:28:16,332 - sra_metagenome_submission.main - INFO - Loaded metadata from hellman_metadata.csv
2025-04-05 16:28:16,332 - sra_metagenome_submission.main - ERROR - Missing required metadata fields: project_title
2025-04-05 16:29:49,515 - sra_metagenome_submission.main - INFO - Loaded configuration from dbh_config.json
2025-04-05 16:29:49,523 - sra_metagenome_submission.main - INFO - Loaded metadata from hellman_metadata.csv
2025-04-05 16:29:49,523 - sra_metagenome_submission.main - ERROR - Missing required metadata fields: project_title
2025-04-05 16:31:31,400 - sra_metagenome_submission.main - INFO - Loaded configuration from dbh_config.json
2025-04-05 16:31:31,409 - sra_metagenome_submission.main - INFO - Loaded metadata from hellman_metadata.csv
2025-04-05 16:31:31,409 - sra_metagenome_submission.main - ERROR - Missing required metadata fields: project_title
2025-04-05 16:33:54,735 - sra_metagenome_submission.main - INFO - Loaded configuration from dbh_config.json
2025-04-05 16:33:54,743 - sra_metagenome_submission.main - INFO - Loaded metadata from hellman_metadata.csv
2025-04-05 16:33:54,743 - sra_metagenome_submission.main - ERROR - Missing required metadata fields: project_title
2025-04-05 16:36:29,280 - sra_metagenome_submission.main - INFO - Loaded configuration from dbh_config.json
2025-04-05 16:36:29,288 - sra_metagenome_submission.main - INFO - Loaded metadata from hellman_metadata.csv
2025-04-05 16:36:29,289 - sra_metagenome_submission.main - ERROR - Missing required metadata fields: project_title
