2025-04-11 14:39:03,768 - sra_metagenome_submission.main - INFO - Logging to sra_submission_20250411_143903.log
2025-04-11 14:39:03,769 - sra_metagenome_submission.main - INFO - Logging to sra_submission_hellman_20250411_143903.log
2025-04-11 14:39:03,769 - sra_metagenome_submission.main - INFO - Using submission name: hellman
2025-04-11 14:39:03,769 - sra_metagenome_submission.main - INFO - Loaded configuration from dbh_config.json
2025-04-11 14:39:03,813 - sra_metagenome_submission.sra_validate - WARNING - Column 'assembly' is missing data for 141 sample rows.
2025-04-11 14:39:03,813 - sra_metagenome_submission.sra_validate - WARNING - Column 'filename3' is missing data for 141 sample rows.
2025-04-11 14:39:03,813 - sra_metagenome_submission.sra_validate - WARNING - Column 'filename4' is missing data for 141 sample rows.
2025-04-11 14:39:03,813 - sra_metagenome_submission.sra_validate - WARNING - Column 'filename5' is missing data for 141 sample rows.
2025-04-11 14:39:03,813 - sra_metagenome_submission.sra_validate - WARNING - Column 'filename6' is missing data for 141 sample rows.
2025-04-11 14:39:03,813 - sra_metagenome_submission.sra_validate - WARNING - Column 'filename7' is missing data for 141 sample rows.
2025-04-11 14:39:03,813 - sra_metagenome_submission.sra_validate - WARNING - Column 'filename8' is missing data for 141 sample rows.
2025-04-11 14:39:03,823 - sra_metagenome_submission.main - INFO - Loaded sample metadata from validated_metadata/validated-hellman-sample-metadata2.txt with 141 samples
2025-04-11 14:39:03,905 - sra_metagenome_submission.main - WARNING - Could not find 6 files mentioned in sample metadata:
2025-04-11 14:39:03,905 - sra_metagenome_submission.main - WARNING -   - /media/david/BackupNAS/Data/MSSData/Human/RawHumanSequenceFiles/F12Jenny1_R1.fastq.gz
2025-04-11 14:39:03,905 - sra_metagenome_submission.main - WARNING -   - /media/david/BackupNAS/Data/MSSData/Human/RawHumanSequenceFiles/F12Jenny1_R2.fastq.gz
2025-04-11 14:39:03,905 - sra_metagenome_submission.main - WARNING -   - /media/david/BackupNAS/Data/MSSData/Human/RawHumanSequenceFiles/IBD_525_A.N_R1.fastq.gz
2025-04-11 14:39:03,905 - sra_metagenome_submission.main - WARNING -   - /media/david/BackupNAS/Data/MSSData/Human/RawHumanSequenceFiles/IBD_525_A.N_R2.fastq.gz
2025-04-11 14:39:03,905 - sra_metagenome_submission.main - WARNING -   - /media/david/BackupNAS/Data/MSSData/Human/RawHumanSequenceFiles/IBD_533_R1.fastq.gz
2025-04-11 14:39:03,905 - sra_metagenome_submission.main - WARNING -   ... and 1 more
2025-04-11 14:39:03,906 - sra_metagenome_submission.main - INFO - Found 276 unique sequence files from metadata
2025-04-11 14:39:03,906 - sra_metagenome_submission.main - INFO - Using Aspera client at: /home/david/.aspera/connect/bin/ascp
2025-04-11 14:39:03,906 - sra_metagenome_submission.main - INFO - Created temporary directory for submission: /tmp/sra_submission__9cz3013
